  Equilateral_Triangle.cpp
C:\Таня\C++\Lesson 6\Task 3\Task 3\Equilateral_Triangle.cpp(1,1): warning C4828: Файл содержит знак, начинающийся со смещения 0xc7, который является недопустимым в текущей исходной кодировке (кодовая страница 65001).
C:\Таня\C++\Lesson 6\Task 3\Task 3\Equilateral_Triangle.cpp(1,1): warning C4828: Файл содержит знак, начинающийся со смещения 0xc9, который является недопустимым в текущей исходной кодировке (кодовая страница 65001).
C:\Таня\C++\Lesson 6\Task 3\Task 3\Equilateral_Triangle.cpp(1,1): warning C4828: Файл содержит знак, начинающийся со смещения 0xcc, который является недопустимым в текущей исходной кодировке (кодовая страница 65001).
C:\Таня\C++\Lesson 6\Task 3\Task 3\Equilateral_Triangle.cpp(1,1): warning C4828: Файл содержит знак, начинающийся со смещения 0xd0, который является недопустимым в текущей исходной кодировке (кодовая страница 65001).
C:\Таня\C++\Lesson 6\Task 3\Task 3\Equilateral_Triangle.cpp(1,1): warning C4828: Файл содержит знак, начинающийся со смещения 0xd3, который является недопустимым в текущей исходной кодировке (кодовая страница 65001).
C:\Таня\C++\Lesson 6\Task 3\Task 3\Equilateral_Triangle.cpp(1,1): warning C4828: Файл содержит знак, начинающийся со смещения 0xd6, который является недопустимым в текущей исходной кодировке (кодовая страница 65001).
C:\Таня\C++\Lesson 6\Task 3\Task 3\Equilateral_Triangle.cpp(1,1): warning C4828: Файл содержит знак, начинающийся со смещения 0xda, который является недопустимым в текущей исходной кодировке (кодовая страница 65001).
C:\Таня\C++\Lesson 6\Task 3\Task 3\Equilateral_Triangle.cpp(1,1): warning C4828: Файл содержит знак, начинающийся со смещения 0xdd, который является недопустимым в текущей исходной кодировке (кодовая страница 65001).
C:\Таня\C++\Lesson 6\Task 3\Task 3\Equilateral_Triangle.cpp(1,1): warning C4828: Файл содержит знак, начинающийся со смещения 0xde, который является недопустимым в текущей исходной кодировке (кодовая страница 65001).
  Figure.cpp
C:\Таня\C++\Lesson 6\Task 3\Task 3\Figure.cpp(1,1): warning C4828: Файл содержит знак, начинающийся со смещения 0x58, который является недопустимым в текущей исходной кодировке (кодовая страница 65001).
C:\Таня\C++\Lesson 6\Task 3\Task 3\Figure.cpp(1,1): warning C4828: Файл содержит знак, начинающийся со смещения 0x5a, который является недопустимым в текущей исходной кодировке (кодовая страница 65001).
C:\Таня\C++\Lesson 6\Task 3\Task 3\Figure.cpp(1,1): warning C4828: Файл содержит знак, начинающийся со смещения 0x5d, который является недопустимым в текущей исходной кодировке (кодовая страница 65001).
  Isosceles_Triangle.cpp
C:\Таня\C++\Lesson 6\Task 3\Task 3\Isosceles_Triangle.cpp(1,1): warning C4828: Файл содержит знак, начинающийся со смещения 0xc7, который является недопустимым в текущей исходной кодировке (кодовая страница 65001).
C:\Таня\C++\Lesson 6\Task 3\Task 3\Isosceles_Triangle.cpp(1,1): warning C4828: Файл содержит знак, начинающийся со смещения 0xc9, который является недопустимым в текущей исходной кодировке (кодовая страница 65001).
C:\Таня\C++\Lesson 6\Task 3\Task 3\Isosceles_Triangle.cpp(1,1): warning C4828: Файл содержит знак, начинающийся со смещения 0xcc, который является недопустимым в текущей исходной кодировке (кодовая страница 65001).
C:\Таня\C++\Lesson 6\Task 3\Task 3\Isosceles_Triangle.cpp(1,1): warning C4828: Файл содержит знак, начинающийся со смещения 0xcf, который является недопустимым в текущей исходной кодировке (кодовая страница 65001).
C:\Таня\C++\Lesson 6\Task 3\Task 3\Isosceles_Triangle.cpp(1,1): warning C4828: Файл содержит знак, начинающийся со смещения 0xd3, который является недопустимым в текущей исходной кодировке (кодовая страница 65001).
C:\Таня\C++\Lesson 6\Task 3\Task 3\Isosceles_Triangle.cpp(1,1): warning C4828: Файл содержит знак, начинающийся со смещения 0xd4, который является недопустимым в текущей исходной кодировке (кодовая страница 65001).
C:\Таня\C++\Lesson 6\Task 3\Task 3\Isosceles_Triangle.cpp(1,1): warning C4828: Файл содержит знак, начинающийся со смещения 0xd7, который является недопустимым в текущей исходной кодировке (кодовая страница 65001).
C:\Таня\C++\Lesson 6\Task 3\Task 3\Isosceles_Triangle.cpp(1,1): warning C4828: Файл содержит знак, начинающийся со смещения 0xdb, который является недопустимым в текущей исходной кодировке (кодовая страница 65001).
C:\Таня\C++\Lesson 6\Task 3\Task 3\Isosceles_Triangle.cpp(1,1): warning C4828: Файл содержит знак, начинающийся со смещения 0xde, который является недопустимым в текущей исходной кодировке (кодовая страница 65001).
  Parallelogram.cpp
C:\Таня\C++\Lesson 6\Task 3\Task 3\Parallelogram.cpp(1,1): warning C4828: Файл содержит знак, начинающийся со смещения 0xc2, который является недопустимым в текущей исходной кодировке (кодовая страница 65001).
C:\Таня\C++\Lesson 6\Task 3\Task 3\Parallelogram.cpp(1,1): warning C4828: Файл содержит знак, начинающийся со смещения 0xc4, который является недопустимым в текущей исходной кодировке (кодовая страница 65001).
C:\Таня\C++\Lesson 6\Task 3\Task 3\Parallelogram.cpp(1,1): warning C4828: Файл содержит знак, начинающийся со смещения 0xc8, который является недопустимым в текущей исходной кодировке (кодовая страница 65001).
C:\Таня\C++\Lesson 6\Task 3\Task 3\Parallelogram.cpp(1,1): warning C4828: Файл содержит знак, начинающийся со смещения 0xcb, который является недопустимым в текущей исходной кодировке (кодовая страница 65001).
C:\Таня\C++\Lesson 6\Task 3\Task 3\Parallelogram.cpp(1,1): warning C4828: Файл содержит знак, начинающийся со смещения 0xce, который является недопустимым в текущей исходной кодировке (кодовая страница 65001).
  Quadrilateral.cpp
C:\Таня\C++\Lesson 6\Task 3\Task 3\Quadrilateral.cpp(1,1): warning C4828: Файл содержит знак, начинающийся со смещения 0x1b2, который является недопустимым в текущей исходной кодировке (кодовая страница 65001).
C:\Таня\C++\Lesson 6\Task 3\Task 3\Quadrilateral.cpp(1,1): warning C4828: Файл содержит знак, начинающийся со смещения 0x1b4, который является недопустимым в текущей исходной кодировке (кодовая страница 65001).
C:\Таня\C++\Lesson 6\Task 3\Task 3\Quadrilateral.cpp(1,1): warning C4828: Файл содержит знак, начинающийся со смещения 0x1b8, который является недопустимым в текущей исходной кодировке (кодовая страница 65001).
C:\Таня\C++\Lesson 6\Task 3\Task 3\Quadrilateral.cpp(1,1): warning C4828: Файл содержит знак, начинающийся со смещения 0x1bc, который является недопустимым в текущей исходной кодировке (кодовая страница 65001).
C:\Таня\C++\Lesson 6\Task 3\Task 3\Quadrilateral.cpp(1,1): warning C4828: Файл содержит знак, начинающийся со смещения 0x1bf, который является недопустимым в текущей исходной кодировке (кодовая страница 65001).
C:\Таня\C++\Lesson 6\Task 3\Task 3\Quadrilateral.cpp(1,1): warning C4828: Файл содержит знак, начинающийся со смещения 0x20d, который является недопустимым в текущей исходной кодировке (кодовая страница 65001).
C:\Таня\C++\Lesson 6\Task 3\Task 3\Quadrilateral.cpp(1,1): warning C4828: Файл содержит знак, начинающийся со смещения 0x20f, который является недопустимым в текущей исходной кодировке (кодовая страница 65001).
C:\Таня\C++\Lesson 6\Task 3\Task 3\Quadrilateral.cpp(1,1): warning C4828: Файл содержит знак, начинающийся со смещения 0x212, который является недопустимым в текущей исходной кодировке (кодовая страница 65001).
C:\Таня\C++\Lesson 6\Task 3\Task 3\Quadrilateral.cpp(1,1): warning C4828: Файл содержит знак, начинающийся со смещения 0x2df, который является недопустимым в текущей исходной кодировке (кодовая страница 65001).
C:\Таня\C++\Lesson 6\Task 3\Task 3\Quadrilateral.cpp(1,1): warning C4828: Файл содержит знак, начинающийся со смещения 0x2e1, который является недопустимым в текущей исходной кодировке (кодовая страница 65001).
  Rectangle.cpp
C:\Таня\C++\Lesson 6\Task 3\Task 3\Rectangle.cpp(1,1): warning C4828: Файл содержит знак, начинающийся со смещения 0xa6, который является недопустимым в текущей исходной кодировке (кодовая страница 65001).
C:\Таня\C++\Lesson 6\Task 3\Task 3\Rectangle.cpp(1,1): warning C4828: Файл содержит знак, начинающийся со смещения 0xa8, который является недопустимым в текущей исходной кодировке (кодовая страница 65001).
C:\Таня\C++\Lesson 6\Task 3\Task 3\Rectangle.cpp(1,1): warning C4828: Файл содержит знак, начинающийся со смещения 0xa9, который является недопустимым в текущей исходной кодировке (кодовая страница 65001).
C:\Таня\C++\Lesson 6\Task 3\Task 3\Rectangle.cpp(1,1): warning C4828: Файл содержит знак, начинающийся со смещения 0xac, который является недопустимым в текущей исходной кодировке (кодовая страница 65001).
C:\Таня\C++\Lesson 6\Task 3\Task 3\Rectangle.cpp(1,1): warning C4828: Файл содержит знак, начинающийся со смещения 0xaf, который является недопустимым в текущей исходной кодировке (кодовая страница 65001).
C:\Таня\C++\Lesson 6\Task 3\Task 3\Rectangle.cpp(1,1): warning C4828: Файл содержит знак, начинающийся со смещения 0xb0, который является недопустимым в текущей исходной кодировке (кодовая страница 65001).
  Rhomb.cpp
C:\Таня\C++\Lesson 6\Task 3\Task 3\Rhomb.cpp(1,1): warning C4828: Файл содержит знак, начинающийся со смещения 0x9e, который является недопустимым в текущей исходной кодировке (кодовая страница 65001).
C:\Таня\C++\Lesson 6\Task 3\Task 3\Rhomb.cpp(1,1): warning C4828: Файл содержит знак, начинающийся со смещения 0xa0, который является недопустимым в текущей исходной кодировке (кодовая страница 65001).
  Right_Triangle.cpp
C:\Таня\C++\Lesson 6\Task 3\Task 3\Right_Triangle.cpp(1,1): warning C4828: Файл содержит знак, начинающийся со смещения 0xb7, который является недопустимым в текущей исходной кодировке (кодовая страница 65001).
C:\Таня\C++\Lesson 6\Task 3\Task 3\Right_Triangle.cpp(1,1): warning C4828: Файл содержит знак, начинающийся со смещения 0xb9, который является недопустимым в текущей исходной кодировке (кодовая страница 65001).
C:\Таня\C++\Lesson 6\Task 3\Task 3\Right_Triangle.cpp(1,1): warning C4828: Файл содержит знак, начинающийся со смещения 0xba, который является недопустимым в текущей исходной кодировке (кодовая страница 65001).
C:\Таня\C++\Lesson 6\Task 3\Task 3\Right_Triangle.cpp(1,1): warning C4828: Файл содержит знак, начинающийся со смещения 0xbd, который является недопустимым в текущей исходной кодировке (кодовая страница 65001).
C:\Таня\C++\Lesson 6\Task 3\Task 3\Right_Triangle.cpp(1,1): warning C4828: Файл содержит знак, начинающийся со смещения 0xc0, который является недопустимым в текущей исходной кодировке (кодовая страница 65001).
C:\Таня\C++\Lesson 6\Task 3\Task 3\Right_Triangle.cpp(1,1): warning C4828: Файл содержит знак, начинающийся со смещения 0xc1, который является недопустимым в текущей исходной кодировке (кодовая страница 65001).
C:\Таня\C++\Lesson 6\Task 3\Task 3\Right_Triangle.cpp(1,1): warning C4828: Файл содержит знак, начинающийся со смещения 0xc5, который является недопустимым в текущей исходной кодировке (кодовая страница 65001).
C:\Таня\C++\Lesson 6\Task 3\Task 3\Right_Triangle.cpp(1,1): warning C4828: Файл содержит знак, начинающийся со смещения 0xc9, который является недопустимым в текущей исходной кодировке (кодовая страница 65001).
C:\Таня\C++\Lesson 6\Task 3\Task 3\Right_Triangle.cpp(1,1): warning C4828: Файл содержит знак, начинающийся со смещения 0xcc, который является недопустимым в текущей исходной кодировке (кодовая страница 65001).
C:\Таня\C++\Lesson 6\Task 3\Task 3\Right_Triangle.cpp(1,1): warning C4828: Файл содержит знак, начинающийся со смещения 0xcd, который является недопустимым в текущей исходной кодировке (кодовая страница 65001).
  Square.cpp
C:\Таня\C++\Lesson 6\Task 3\Task 3\Square.cpp(1,1): warning C4828: Файл содержит знак, начинающийся со смещения 0xa6, который является недопустимым в текущей исходной кодировке (кодовая страница 65001).
C:\Таня\C++\Lesson 6\Task 3\Task 3\Square.cpp(1,1): warning C4828: Файл содержит знак, начинающийся со смещения 0xa8, который является недопустимым в текущей исходной кодировке (кодовая страница 65001).
C:\Таня\C++\Lesson 6\Task 3\Task 3\Square.cpp(1,1): warning C4828: Файл содержит знак, начинающийся со смещения 0xab, который является недопустимым в текущей исходной кодировке (кодовая страница 65001).
  Task 3.cpp
  Triangle.cpp
C:\Таня\C++\Lesson 6\Task 3\Task 3\Triangle.cpp(1,1): warning C4828: Файл содержит знак, начинающийся со смещения 0x164, который является недопустимым в текущей исходной кодировке (кодовая страница 65001).
C:\Таня\C++\Lesson 6\Task 3\Task 3\Triangle.cpp(1,1): warning C4828: Файл содержит знак, начинающийся со смещения 0x166, который является недопустимым в текущей исходной кодировке (кодовая страница 65001).
C:\Таня\C++\Lesson 6\Task 3\Task 3\Triangle.cpp(1,1): warning C4828: Файл содержит знак, начинающийся со смещения 0x169, который является недопустимым в текущей исходной кодировке (кодовая страница 65001).
C:\Таня\C++\Lesson 6\Task 3\Task 3\Triangle.cpp(1,1): warning C4828: Файл содержит знак, начинающийся со смещения 0x16c, который является недопустимым в текущей исходной кодировке (кодовая страница 65001).
C:\Таня\C++\Lesson 6\Task 3\Task 3\Triangle.cpp(1,1): warning C4828: Файл содержит знак, начинающийся со смещения 0x1b6, который является недопустимым в текущей исходной кодировке (кодовая страница 65001).
C:\Таня\C++\Lesson 6\Task 3\Task 3\Triangle.cpp(1,1): warning C4828: Файл содержит знак, начинающийся со смещения 0x1b8, который является недопустимым в текущей исходной кодировке (кодовая страница 65001).
C:\Таня\C++\Lesson 6\Task 3\Task 3\Triangle.cpp(1,1): warning C4828: Файл содержит знак, начинающийся со смещения 0x1bb, который является недопустимым в текущей исходной кодировке (кодовая страница 65001).
C:\Таня\C++\Lesson 6\Task 3\Task 3\Triangle.cpp(1,1): warning C4828: Файл содержит знак, начинающийся со смещения 0x267, который является недопустимым в текущей исходной кодировке (кодовая страница 65001).
C:\Таня\C++\Lesson 6\Task 3\Task 3\Triangle.cpp(1,1): warning C4828: Файл содержит знак, начинающийся со смещения 0x269, который является недопустимым в текущей исходной кодировке (кодовая страница 65001).
  Создание кода...
  Task 3.vcxproj -> C:\Таня\C++\Lesson 6\Task 3\x64\Debug\Task 3.exe
